[08:19:52] All checkpoints cleared. Starting fresh.
[08:19:52]
############################################################
[08:19:52] # CROP RECOMMENDATION TRAINING PIPELINE
[08:19:52] # Datasets: [1]
[08:19:52] # Max epochs: 200 | Patience: 15 | Batch: 32
[08:19:52] # LR: 0.001 | Val split: 0.2
[08:19:52] ############################################################

[08:19:52] ============================================================
[08:19:52] DATASET 1: Dataset 1 — dataset1/Crop_recommendation.csv (2200 rows, 7 features)
[08:19:52] ============================================================
[08:19:52] Loaded 2200 rows, 7 features
[08:19:52] Crops: ['apple', 'banana', 'blackgram', 'chickpea', 'coconut', 'coffee', 'cotton', 'grapes', 'jute', 'kidneybeans', 'lentil', 'maize', 'mango', 'mothbeans', 'mungbean', 'muskmelon', 'orange', 'papaya', 'pigeonpeas', 'pomegranate', 'rice', 'watermelon']
[08:19:52] Class distribution:
label
rice           100
maize          100
chickpea       100
kidneybeans    100
pigeonpeas     100
mothbeans      100
mungbean       100
blackgram      100
lentil         100
pomegranate    100
banana         100
mango          100
grapes         100
watermelon     100
muskmelon      100
apple          100
orange         100
papaya         100
coconut        100
cotton         100
jute           100
coffee         100
[08:19:52] Train: 1760 samples | Val: 440 samples
[08:19:52] Classes: 22 | Input dim: 7
[08:19:53]
Starting training: epochs 1 -> 200 (patience=15)
[08:19:53]  Epoch | Train Loss | Train Acc | Val Loss | Val Acc |         LR | Status
[08:19:53] --------------------------------------------------------------------------------
[08:19:53]      1 |    2.22142 |   0.3915% |  1.24247 | 0.8318% |   1.00e-03 | ★ NEW BEST
[08:19:53]      2 |    1.29479 |   0.7057% |  0.69718 | 0.9023% |   1.00e-03 | ★ NEW BEST
[08:19:53]      3 |    0.89947 |   0.7812% |  0.44447 | 0.9273% |   1.00e-03 | ★ NEW BEST
[08:19:54]      4 |    0.70532 |   0.8227% |  0.30680 | 0.9614% |   1.00e-03 | ★ NEW BEST
[08:19:54]      5 |    0.54521 |   0.8648% |  0.21769 | 0.9727% |   1.00e-03 | ★ NEW BEST
[08:19:54]      6 |    0.47682 |   0.8784% |  0.16427 | 0.9727% |   1.00e-03 |
[08:19:54]      7 |    0.39648 |   0.8960% |  0.13152 | 0.9795% |   1.00e-03 | ★ NEW BEST
[08:19:54]      8 |    0.35454 |   0.9057% |  0.09986 | 0.9795% |   1.00e-03 |
[08:19:54]      9 |    0.32426 |   0.9074% |  0.09060 | 0.9795% |   1.00e-03 |
[08:19:55]     10 |    0.28173 |   0.9222% |  0.07951 | 0.9795% |   1.00e-03 |
[08:19:55]     11 |    0.27212 |   0.9170% |  0.06685 | 0.9841% |   1.00e-03 | ★ NEW BEST
[08:19:55]     12 |    0.25117 |   0.9290% |  0.05683 | 0.9818% |   1.00e-03 |
[08:19:55]     13 |    0.23100 |   0.9313% |  0.06800 | 0.9773% |   1.00e-03 |
[08:19:55]     14 |    0.20523 |   0.9403% |  0.05200 | 0.9818% |   1.00e-03 |
[08:19:55]     15 |    0.19996 |   0.9409% |  0.05384 | 0.9818% |   1.00e-03 |
[08:19:55]     16 |    0.19510 |   0.9381% |  0.05625 | 0.9773% |   1.00e-03 |
[08:19:56]     17 |    0.18345 |   0.9483% |  0.04609 | 0.9864% |   1.00e-03 | ★ NEW BEST
[08:19:56]     18 |    0.18382 |   0.9392% |  0.04981 | 0.9818% |   1.00e-03 |
[08:19:56]     19 |    0.17573 |   0.9477% |  0.05005 | 0.9841% |   1.00e-03 |
[08:19:56]     20 |    0.18841 |   0.9415% |  0.03807 | 0.9955% |   1.00e-03 | ★ NEW BEST
[08:19:57]     21 |    0.16499 |   0.9494% |  0.03899 | 0.9795% |   1.00e-03 |
[08:19:57]     22 |    0.18759 |   0.9386% |  0.04306 | 0.9841% |   1.00e-03 |
[08:19:57]     23 |    0.15326 |   0.9511% |  0.04130 | 0.9841% |   1.00e-03 |
[08:19:58]     24 |    0.15916 |   0.9455% |  0.05215 | 0.9818% |   1.00e-03 |
[08:19:58]     25 |    0.14175 |   0.9534% |  0.04167 | 0.9864% |   1.00e-03 |
[08:19:58]     26 |    0.14943 |   0.9494% |  0.04212 | 0.9841% |   1.00e-03 |
[08:19:58]     27 |    0.14577 |   0.9534% |  0.03665 | 0.9841% |   5.00e-04 |
[08:19:59]     28 |    0.14421 |   0.9540% |  0.03781 | 0.9841% |   5.00e-04 |
[08:19:59]     29 |    0.13076 |   0.9614% |  0.03060 | 0.9864% |   5.00e-04 |
[08:19:59]     30 |    0.12015 |   0.9585% |  0.03471 | 0.9841% |   5.00e-04 |
[08:19:59]     31 |    0.13520 |   0.9574% |  0.03168 | 0.9886% |   5.00e-04 |
[08:20:00]     32 |    0.11859 |   0.9653% |  0.02714 | 0.9886% |   5.00e-04 | ⚠ patience 12/15
[08:20:00]     33 |    0.12125 |   0.9597% |  0.02870 | 0.9886% |   2.50e-04 | ⚠ patience 13/15
[08:20:00]     34 |    0.12996 |   0.9585% |  0.03000 | 0.9886% |   2.50e-04 | ⚠ patience 14/15
[08:20:00]     35 |    0.11427 |   0.9585% |  0.03071 | 0.9864% |   2.50e-04 | ⛔ EARLY STOP (no improvement for 15 epochs)
[08:20:00]
  Early stopping triggered at epoch 35
[08:20:00]
  Restored best model from epoch 20 (val_acc=0.9955)
[08:20:00]
Classification Report (Dataset 1):
              precision    recall  f1-score   support

       apple       1.00      1.00      1.00        20
      banana       1.00      1.00      1.00        20
   blackgram       0.95      1.00      0.98        20
    chickpea       1.00      1.00      1.00        20
     coconut       1.00      1.00      1.00        20
      coffee       1.00      1.00      1.00        20
      cotton       0.95      1.00      0.98        20
      grapes       1.00      1.00      1.00        20
        jute       0.83      1.00      0.91        20
 kidneybeans       1.00      1.00      1.00        20
      lentil       1.00      0.95      0.97        20
       maize       1.00      0.95      0.97        20
       mango       1.00      1.00      1.00        20
   mothbeans       1.00      1.00      1.00        20
    mungbean       1.00      1.00      1.00        20
   muskmelon       1.00      1.00      1.00        20
      orange       1.00      1.00      1.00        20
      papaya       1.00      1.00      1.00        20
  pigeonpeas       1.00      1.00      1.00        20
 pomegranate       1.00      1.00      1.00        20
        rice       1.00      0.80      0.89        20
  watermelon       1.00      1.00      1.00        20

    accuracy                           0.99       440
   macro avg       0.99      0.99      0.99       440
weighted avg       0.99      0.99      0.99       440

[08:20:00]   Checkpoint: C:\Users\J.KARTHIK REDDY\Desktop\crop-intelligence\backend\ml\checkpoints\crop_rec_ds1.pt
[08:20:00]   Report: C:\Users\J.KARTHIK REDDY\Desktop\crop-intelligence\backend\ml\logs\report_ds1.txt
[08:20:00]   History: C:\Users\J.KARTHIK REDDY\Desktop\crop-intelligence\backend\ml\logs\history_ds1.json
[08:20:00]
============================================================
[08:20:01] EXPORTING PRODUCTION MODEL
[08:20:01] ============================================================
[08:20:01] Production model saved to C:\Users\J.KARTHIK REDDY\Desktop\crop-intelligence\backend\ml\production
[08:20:01]
Training pipeline complete!
[08:20:21]
############################################################
[08:20:21] # CROP RECOMMENDATION TRAINING PIPELINE
[08:20:21] # Datasets: [2]
[08:20:21] # Max epochs: 200 | Patience: 15 | Batch: 32
[08:20:21] # LR: 0.001 | Val split: 0.2
[08:20:21] ############################################################

[08:20:21]   Loaded checkpoint from dataset 1 as starting point
[08:20:21] ============================================================
[08:20:21] DATASET 2: Dataset 2 — data set(2)/Crop_recommendation.csv + metadata augmentation
[08:20:21] ============================================================
[08:20:21] Loaded 2260 rows, 7 features
[08:20:21] Crops: ['apple', 'banana', 'blackgram', 'chickpea', 'coconut', 'coffee', 'cotton', 'grapes', 'jute', 'kidneybeans', 'lentil', 'maize', 'mango', 'mothbeans', 'mungbean', 'muskmelon', 'orange', 'papaya', 'pigeonpeas', 'pomegranate', 'rice', 'watermelon']
[08:20:21] Class distribution:
label
lentil         110
jute           110
maize          110
cotton         110
mungbean       110
chickpea       110
apple          100
blackgram      100
mango          100
rice           100
banana         100
grapes         100
orange         100
muskmelon      100
kidneybeans    100
mothbeans      100
pigeonpeas     100
pomegranate    100
papaya         100
watermelon     100
coconut        100
coffee         100
[08:20:21] Train: 1808 samples | Val: 452 samples
[08:20:21] Classes: 22 | Input dim: 7
[08:20:21]   Resumed model weights from checkpoint (epoch 20)
[08:20:21]   Transfer from dataset 1 -> 2
[08:20:22]
Starting training: epochs 1 -> 200 (patience=15)
[08:20:22]  Epoch | Train Loss | Train Acc | Val Loss | Val Acc |         LR | Status
[08:20:22] --------------------------------------------------------------------------------
[08:20:22]      1 |    0.11779 |   0.9602% |  0.02626 | 0.9889% |   1.00e-03 | ★ NEW BEST
[08:20:23]      2 |    0.13304 |   0.9569% |  0.03546 | 0.9889% |   1.00e-03 |
[08:20:23]      3 |    0.12963 |   0.9602% |  0.02863 | 0.9934% |   1.00e-03 | ★ NEW BEST
[08:20:23]      4 |    0.11878 |   0.9663% |  0.03083 | 0.9912% |   1.00e-03 |
[08:20:23]      5 |    0.12945 |   0.9524% |  0.03562 | 0.9845% |   1.00e-03 |
[08:20:23]      6 |    0.11712 |   0.9585% |  0.04112 | 0.9801% |   1.00e-03 |
[08:20:23]      7 |    0.13079 |   0.9574% |  0.03925 | 0.9845% |   1.00e-03 |
[08:20:23]      8 |    0.12873 |   0.9563% |  0.03571 | 0.9845% |   1.00e-03 |
[08:20:24]      9 |    0.10228 |   0.9668% |  0.03294 | 0.9845% |   1.00e-03 |
[08:20:24]     10 |    0.10917 |   0.9657% |  0.03020 | 0.9889% |   5.00e-04 |
[08:20:24]     11 |    0.10834 |   0.9624% |  0.02963 | 0.9845% |   5.00e-04 |
[08:20:24]     12 |    0.10439 |   0.9629% |  0.03526 | 0.9912% |   5.00e-04 |
[08:20:24]     13 |    0.09223 |   0.9674% |  0.02518 | 0.9867% |   5.00e-04 |
[08:20:24]     14 |    0.11577 |   0.9618% |  0.03257 | 0.9889% |   5.00e-04 |
[08:20:24]     15 |    0.12049 |   0.9613% |  0.03481 | 0.9845% |   5.00e-04 | ⚠ patience 12/15
[08:20:25]     16 |    0.10017 |   0.9723% |  0.03309 | 0.9823% |   2.50e-04 | ⚠ patience 13/15
[08:20:25]     17 |    0.09258 |   0.9635% |  0.03020 | 0.9823% |   2.50e-04 | ⚠ patience 14/15
[08:20:25]     18 |    0.09826 |   0.9690% |  0.03011 | 0.9801% |   2.50e-04 | ⛔ EARLY STOP (no improvement for 15 epochs)
[08:20:25]
  Early stopping triggered at epoch 18
[08:20:25]
  Restored best model from epoch 3 (val_acc=0.9934)
[08:20:25]
Classification Report (Dataset 2):
              precision    recall  f1-score   support

       apple       1.00      1.00      1.00        20
      banana       1.00      1.00      1.00        20
   blackgram       0.95      1.00      0.98        20
    chickpea       1.00      1.00      1.00        22
     coconut       1.00      1.00      1.00        20
      coffee       0.95      1.00      0.98        20
      cotton       0.96      1.00      0.98        22
      grapes       1.00      1.00      1.00        20
        jute       0.90      0.82      0.86        22
 kidneybeans       1.00      1.00      1.00        20
      lentil       0.95      0.95      0.95        22
       maize       1.00      0.95      0.98        22
       mango       1.00      1.00      1.00        20
   mothbeans       1.00      0.95      0.97        20
    mungbean       1.00      1.00      1.00        22
   muskmelon       1.00      1.00      1.00        20
      orange       1.00      1.00      1.00        20
      papaya       1.00      0.95      0.97        20
  pigeonpeas       1.00      1.00      1.00        20
 pomegranate       1.00      1.00      1.00        20
        rice       0.86      0.95      0.90        20
  watermelon       1.00      1.00      1.00        20

    accuracy                           0.98       452
   macro avg       0.98      0.98      0.98       452
weighted avg       0.98      0.98      0.98       452

[08:20:25]   Checkpoint: C:\Users\J.KARTHIK REDDY\Desktop\crop-intelligence\backend\ml\checkpoints\crop_rec_ds2.pt
[08:20:25]   Report: C:\Users\J.KARTHIK REDDY\Desktop\crop-intelligence\backend\ml\logs\report_ds2.txt
[08:20:25]   History: C:\Users\J.KARTHIK REDDY\Desktop\crop-intelligence\backend\ml\logs\history_ds2.json
[08:20:25]
============================================================
[08:20:25] EXPORTING PRODUCTION MODEL
[08:20:25] ============================================================
[08:20:25] Production model saved to C:\Users\J.KARTHIK REDDY\Desktop\crop-intelligence\backend\ml\production
[08:20:25]
Training pipeline complete!
[08:20:41]
############################################################
[08:20:41] # CROP RECOMMENDATION TRAINING PIPELINE
[08:20:41] # Datasets: [3]
[08:20:41] # Max epochs: 200 | Patience: 15 | Batch: 32
[08:20:41] # LR: 0.001 | Val split: 0.2
[08:20:41] ############################################################

[08:20:41]   Loaded checkpoint from dataset 2 as starting point
[08:20:41] ============================================================
[08:20:41] DATASET 3: Dataset 3 — dataset-3/Combined (Crop_Data + Crop_recommendation, 4400 rows)
[08:20:41] ============================================================
[08:20:41] Loaded 4400 rows, 7 features
[08:20:41] Crops: ['apple', 'banana', 'blackgram', 'chickpea', 'coconut', 'coffee', 'cotton', 'grapes', 'jute', 'kidneybeans', 'lentil', 'maize', 'mango', 'mothbeans', 'mungbean', 'muskmelon', 'orange', 'papaya', 'pigeonpeas', 'pomegranate', 'rice', 'watermelon']
[08:20:41] Class distribution:
label
chickpea       200
grapes         200
coffee         200
banana         200
apple          200
kidneybeans    200
coconut        200
blackgram      200
mungbean       200
orange         200
mothbeans      200
jute           200
pigeonpeas     200
papaya         200
muskmelon      200
mango          200
maize          200
rice           200
lentil         200
pomegranate    200
watermelon     200
cotton         200
[08:20:41] Train: 3520 samples | Val: 880 samples
[08:20:41] Classes: 22 | Input dim: 7
[08:20:41]   Resumed model weights from checkpoint (epoch 3)
[08:20:41]   Transfer from dataset 2 -> 3
[08:20:42]
Starting training: epochs 1 -> 200 (patience=15)
[08:20:42]  Epoch | Train Loss | Train Acc | Val Loss | Val Acc |         LR | Status
[08:20:42] --------------------------------------------------------------------------------
[08:20:42]      1 |    0.08881 |   0.9707% |  0.02198 | 0.9932% |   1.00e-03 | ★ NEW BEST
[08:20:43]      2 |    0.10401 |   0.9651% |  0.03485 | 0.9875% |   1.00e-03 |
[08:20:43]      3 |    0.09408 |   0.9705% |  0.02960 | 0.9875% |   1.00e-03 |
[08:20:43]      4 |    0.08593 |   0.9730% |  0.02514 | 0.9909% |   1.00e-03 |
[08:20:44]      5 |    0.08867 |   0.9724% |  0.02336 | 0.9920% |   1.00e-03 |
[08:20:44]      6 |    0.08894 |   0.9690% |  0.02341 | 0.9932% |   1.00e-03 |
[08:20:44]      7 |    0.08692 |   0.9690% |  0.02589 | 0.9909% |   1.00e-03 |
[08:20:44]      8 |    0.07566 |   0.9753% |  0.02955 | 0.9886% |   5.00e-04 |
[08:20:45]      9 |    0.07024 |   0.9744% |  0.02631 | 0.9909% |   5.00e-04 |
[08:20:45]     10 |    0.06373 |   0.9787% |  0.02074 | 0.9932% |   5.00e-04 |
[08:20:45]     11 |    0.06909 |   0.9784% |  0.02276 | 0.9909% |   5.00e-04 |
[08:20:46]     12 |    0.06606 |   0.9781% |  0.02022 | 0.9932% |   5.00e-04 |
[08:20:46]     13 |    0.06499 |   0.9776% |  0.02296 | 0.9898% |   5.00e-04 | ⚠ patience 12/15
[08:20:47]     14 |    0.06821 |   0.9773% |  0.02218 | 0.9909% |   2.50e-04 | ⚠ patience 13/15
[08:20:47]     15 |    0.06852 |   0.9759% |  0.02153 | 0.9932% |   2.50e-04 | ⚠ patience 14/15
[08:20:47]     16 |    0.06070 |   0.9818% |  0.02111 | 0.9898% |   2.50e-04 | ⛔ EARLY STOP (no improvement for 15 epochs)
[08:20:47]
  Early stopping triggered at epoch 16
[08:20:47]
  Restored best model from epoch 1 (val_acc=0.9932)
[08:20:48]
Classification Report (Dataset 3):
              precision    recall  f1-score   support

       apple       1.00      1.00      1.00        40
      banana       1.00      1.00      1.00        40
   blackgram       0.98      1.00      0.99        40
    chickpea       1.00      1.00      1.00        40
     coconut       1.00      1.00      1.00        40
      coffee       1.00      1.00      1.00        40
      cotton       1.00      1.00      1.00        40
      grapes       1.00      1.00      1.00        40
        jute       0.88      0.95      0.92        40
 kidneybeans       0.98      1.00      0.99        40
      lentil       1.00      1.00      1.00        40
       maize       1.00      1.00      1.00        40
       mango       1.00      1.00      1.00        40
   mothbeans       1.00      0.97      0.99        40
    mungbean       1.00      1.00      1.00        40
   muskmelon       1.00      1.00      1.00        40
      orange       1.00      1.00      1.00        40
      papaya       1.00      1.00      1.00        40
  pigeonpeas       1.00      0.97      0.99        40
 pomegranate       1.00      1.00      1.00        40
        rice       0.95      0.88      0.91        40
  watermelon       1.00      1.00      1.00        40

    accuracy                           0.99       880
   macro avg       0.99      0.99      0.99       880
weighted avg       0.99      0.99      0.99       880

[08:20:48]   Checkpoint: C:\Users\J.KARTHIK REDDY\Desktop\crop-intelligence\backend\ml\checkpoints\crop_rec_ds3.pt
[08:20:48]   Report: C:\Users\J.KARTHIK REDDY\Desktop\crop-intelligence\backend\ml\logs\report_ds3.txt
[08:20:48]   History: C:\Users\J.KARTHIK REDDY\Desktop\crop-intelligence\backend\ml\logs\history_ds3.json
[08:20:48]
============================================================
[08:20:48] EXPORTING PRODUCTION MODEL
[08:20:48] ============================================================
[08:20:48] Production model saved to C:\Users\J.KARTHIK REDDY\Desktop\crop-intelligence\backend\ml\production
[08:20:48]
Training pipeline complete!
[08:26:16]
############################################################
[08:26:16] # CROP RECOMMENDATION TRAINING PIPELINE
[08:26:16] # Datasets: [1]
[08:26:16] # Max epochs: 200 | Patience: 15 | Batch: 32
[08:26:16] # LR: 0.001 | Val split: 0.2
[08:26:16] ############################################################

[08:26:16]
  Found checkpoint for dataset 1 (epoch 20, acc=0.9955)
[08:26:16] ============================================================
[08:26:16] DATASET 1: Dataset 1 — dataset1/Crop_recommendation.csv (2200 rows, 7 features)
[08:26:16] ============================================================
[08:26:16] Loaded 2200 rows, 7 features
[08:26:16] Crops: ['apple', 'banana', 'blackgram', 'chickpea', 'coconut', 'coffee', 'cotton', 'grapes', 'jute', 'kidneybeans', 'lentil', 'maize', 'mango', 'mothbeans', 'mungbean', 'muskmelon', 'orange', 'papaya', 'pigeonpeas', 'pomegranate', 'rice', 'watermelon']
[08:26:16] Class distribution:
label
rice           100
maize          100
jute           100
cotton         100
coconut        100
papaya         100
orange         100
apple          100
muskmelon      100
watermelon     100
grapes         100
mango          100
banana         100
pomegranate    100
lentil         100
blackgram      100
mungbean       100
mothbeans      100
pigeonpeas     100
kidneybeans    100
chickpea       100
coffee         100
[08:26:16] Train: 1760 samples | Val: 440 samples
[08:26:16] Classes: 22 | Input dim: 7
[08:26:16]   Resumed model weights from checkpoint (epoch 20)
[08:26:16]   Resuming from epoch 21, best_acc=0.9955 @ epoch 20
[08:26:17]   Resumed optimizer state
[08:26:17]   Resumed scheduler state
[08:26:17]
Starting training: epochs 21 -> 200 (patience=15)
[08:26:17]  Epoch | Train Loss | Train Acc | Val Loss | Val Acc |         LR | Status
[08:26:17] --------------------------------------------------------------------------------
[08:26:18]     21 |    0.11041 |   0.9642% |  0.02983 | 0.9886% |   2.50e-04 |
[08:26:18]     22 |    0.11164 |   0.9631% |  0.03020 | 0.9909% |   2.50e-04 |
[08:26:18]     23 |    0.12699 |   0.9540% |  0.03491 | 0.9864% |   2.50e-04 |
[08:26:19]     24 |    0.10085 |   0.9670% |  0.03175 | 0.9886% |   1.25e-04 |
[08:26:19]     25 |    0.09900 |   0.9699% |  0.02791 | 0.9909% |   1.25e-04 |
[08:26:19]     26 |    0.11079 |   0.9614% |  0.03032 | 0.9864% |   1.25e-04 |
[08:26:19]     27 |    0.11610 |   0.9631% |  0.03172 | 0.9886% |   1.25e-04 |
[08:26:19]     28 |    0.11083 |   0.9636% |  0.03064 | 0.9886% |   1.25e-04 |
[08:26:20]     29 |    0.11988 |   0.9574% |  0.02940 | 0.9886% |   1.25e-04 |
[08:26:20]     30 |    0.11275 |   0.9614% |  0.03087 | 0.9864% |   6.25e-05 |
[08:26:20]     31 |    0.10668 |   0.9648% |  0.02621 | 0.9909% |   6.25e-05 |
[08:26:20]     32 |    0.10892 |   0.9688% |  0.02739 | 0.9909% |   6.25e-05 | ⚠ patience 12/15
[08:26:21]     33 |    0.09342 |   0.9653% |  0.02997 | 0.9909% |   6.25e-05 | ⚠ patience 13/15
[08:26:21]     34 |    0.11386 |   0.9614% |  0.03062 | 0.9864% |   6.25e-05 | ⚠ patience 14/15
[08:26:21]     35 |    0.12663 |   0.9557% |  0.02895 | 0.9886% |   6.25e-05 | ⛔ EARLY STOP (no improvement for 15 epochs)
[08:26:21]
  Early stopping triggered at epoch 35
[08:26:21]
  Restored best model from epoch 20 (val_acc=0.9955)
[08:26:21]
Classification Report (Dataset 1):
              precision    recall  f1-score   support

       apple       1.00      1.00      1.00        20
      banana       1.00      1.00      1.00        20
   blackgram       0.95      1.00      0.98        20
    chickpea       1.00      1.00      1.00        20
     coconut       1.00      1.00      1.00        20
      coffee       1.00      1.00      1.00        20
      cotton       0.95      1.00      0.98        20
      grapes       1.00      1.00      1.00        20
        jute       0.87      1.00      0.93        20
 kidneybeans       1.00      1.00      1.00        20
      lentil       1.00      0.95      0.97        20
       maize       1.00      0.95      0.97        20
       mango       1.00      1.00      1.00        20
   mothbeans       1.00      1.00      1.00        20
    mungbean       1.00      1.00      1.00        20
   muskmelon       1.00      1.00      1.00        20
      orange       1.00      1.00      1.00        20
      papaya       1.00      1.00      1.00        20
  pigeonpeas       1.00      1.00      1.00        20
 pomegranate       1.00      1.00      1.00        20
        rice       1.00      0.85      0.92        20
  watermelon       1.00      1.00      1.00        20

    accuracy                           0.99       440
   macro avg       0.99      0.99      0.99       440
weighted avg       0.99      0.99      0.99       440

[08:26:21]   Checkpoint: C:\Users\J.KARTHIK REDDY\Desktop\crop-intelligence\backend\ml\checkpoints\crop_rec_ds1.pt
[08:26:21]   Report: C:\Users\J.KARTHIK REDDY\Desktop\crop-intelligence\backend\ml\logs\report_ds1.txt
[08:26:21]   History: C:\Users\J.KARTHIK REDDY\Desktop\crop-intelligence\backend\ml\logs\history_ds1.json
[08:26:21]
============================================================
[08:26:21] EXPORTING PRODUCTION MODEL
[08:26:21] ============================================================
[08:26:21] Production model saved to C:\Users\J.KARTHIK REDDY\Desktop\crop-intelligence\backend\ml\production
[08:26:21]
Training pipeline complete!
[08:26:54]
############################################################
[08:26:54] # CROP RECOMMENDATION TRAINING PIPELINE
[08:26:54] # Datasets: [2]
[08:26:54] # Max epochs: 200 | Patience: 15 | Batch: 32
[08:26:54] # LR: 0.001 | Val split: 0.2
[08:26:54] ############################################################

[08:26:54]
  Found checkpoint for dataset 2 (epoch 3, acc=0.9934)
[08:26:54] ============================================================
[08:26:54] DATASET 2: Dataset 2 — data set(2)/Crop_recommendation.csv + metadata augmentation
[08:26:54] ============================================================
[08:26:54] Loaded 2260 rows, 7 features
[08:26:54] Crops: ['apple', 'banana', 'blackgram', 'chickpea', 'coconut', 'coffee', 'cotton', 'grapes', 'jute', 'kidneybeans', 'lentil', 'maize', 'mango', 'mothbeans', 'mungbean', 'muskmelon', 'orange', 'papaya', 'pigeonpeas', 'pomegranate', 'rice', 'watermelon']
[08:26:54] Class distribution:
label
chickpea       110
cotton         110
lentil         110
jute           110
maize          110
mungbean       110
coffee         100
coconut        100
watermelon     100
papaya         100
pomegranate    100
pigeonpeas     100
apple          100
mothbeans      100
blackgram      100
muskmelon      100
orange         100
grapes         100
banana         100
rice           100
mango          100
kidneybeans    100
[08:26:54] Train: 1808 samples | Val: 452 samples
[08:26:54] Classes: 22 | Input dim: 7
[08:26:54]   Resumed model weights from checkpoint (epoch 3)
[08:26:54]   Resuming from epoch 4, best_acc=0.9934 @ epoch 3
[08:26:55]   Resumed optimizer state
[08:26:55]   Resumed scheduler state
[08:26:55]
Starting training: epochs 4 -> 200 (patience=15)
[08:26:55]  Epoch | Train Loss | Train Acc | Val Loss | Val Acc |         LR | Status
[08:26:55] --------------------------------------------------------------------------------
[08:26:55]      4 |    0.08586 |   0.9707% |  0.02833 | 0.9889% |   2.50e-04 |
[08:26:55]      5 |    0.10024 |   0.9663% |  0.03020 | 0.9779% |   2.50e-04 |
[08:26:55]      6 |    0.09466 |   0.9646% |  0.02988 | 0.9889% |   2.50e-04 |
[08:26:56]      7 |    0.07575 |   0.9740% |  0.03133 | 0.9801% |   1.25e-04 |
[08:26:56]      8 |    0.08284 |   0.9735% |  0.03265 | 0.9801% |   1.25e-04 |
[08:26:56]      9 |    0.09154 |   0.9657% |  0.02839 | 0.9867% |   1.25e-04 |
[08:26:56]     10 |    0.08764 |   0.9718% |  0.02825 | 0.9823% |   1.25e-04 |
[08:26:57]     11 |    0.09218 |   0.9679% |  0.02883 | 0.9867% |   1.25e-04 |
[08:26:57]     12 |    0.09890 |   0.9635% |  0.03197 | 0.9823% |   1.25e-04 |
[08:26:57]     13 |    0.09056 |   0.9679% |  0.02795 | 0.9845% |   6.25e-05 |
[08:26:57]     14 |    0.08631 |   0.9696% |  0.03049 | 0.9823% |   6.25e-05 |
[08:26:57]     15 |    0.09772 |   0.9701% |  0.02737 | 0.9867% |   6.25e-05 | ⚠ patience 12/15
[08:26:58]     16 |    0.09057 |   0.9663% |  0.02911 | 0.9912% |   6.25e-05 | ⚠ patience 13/15
[08:26:58]     17 |    0.09686 |   0.9679% |  0.02615 | 0.9912% |   6.25e-05 | ⚠ patience 14/15
[08:26:58]     18 |    0.09687 |   0.9685% |  0.03026 | 0.9823% |   6.25e-05 | ⛔ EARLY STOP (no improvement for 15 epochs)
[08:26:58]
  Early stopping triggered at epoch 18
[08:26:58]
  Restored best model from epoch 3 (val_acc=0.9934)
[08:26:58]
Classification Report (Dataset 2):
              precision    recall  f1-score   support

       apple       1.00      1.00      1.00        20
      banana       1.00      1.00      1.00        20
   blackgram       0.95      1.00      0.98        20
    chickpea       1.00      1.00      1.00        22
     coconut       1.00      1.00      1.00        20
      coffee       0.95      1.00      0.98        20
      cotton       1.00      1.00      1.00        22
      grapes       1.00      1.00      1.00        20
        jute       0.90      0.82      0.86        22
 kidneybeans       1.00      1.00      1.00        20
      lentil       0.95      0.95      0.95        22
       maize       1.00      1.00      1.00        22
       mango       1.00      1.00      1.00        20
   mothbeans       1.00      0.95      0.97        20
    mungbean       1.00      1.00      1.00        22
   muskmelon       1.00      1.00      1.00        20
      orange       1.00      1.00      1.00        20
      papaya       1.00      0.95      0.97        20
  pigeonpeas       1.00      1.00      1.00        20
 pomegranate       1.00      1.00      1.00        20
        rice       0.86      0.95      0.90        20
  watermelon       1.00      1.00      1.00        20

    accuracy                           0.98       452
   macro avg       0.98      0.98      0.98       452
weighted avg       0.98      0.98      0.98       452

[08:26:58]   Checkpoint: C:\Users\J.KARTHIK REDDY\Desktop\crop-intelligence\backend\ml\checkpoints\crop_rec_ds2.pt
[08:26:58]   Report: C:\Users\J.KARTHIK REDDY\Desktop\crop-intelligence\backend\ml\logs\report_ds2.txt
[08:26:58]   History: C:\Users\J.KARTHIK REDDY\Desktop\crop-intelligence\backend\ml\logs\history_ds2.json
[08:26:58]
============================================================
[08:26:58] EXPORTING PRODUCTION MODEL
[08:26:58] ============================================================
[08:26:58] Production model saved to C:\Users\J.KARTHIK REDDY\Desktop\crop-intelligence\backend\ml\production
[08:26:58]
Training pipeline complete!
[08:27:19]
############################################################
[08:27:19] # CROP RECOMMENDATION TRAINING PIPELINE
[08:27:19] # Datasets: [3]
[08:27:19] # Max epochs: 200 | Patience: 15 | Batch: 32
[08:27:19] # LR: 0.001 | Val split: 0.2
[08:27:19] ############################################################

[08:27:19]
  Found checkpoint for dataset 3 (epoch 1, acc=0.9932)
[08:27:19] ============================================================
[08:27:19] DATASET 3: Dataset 3 — dataset-3/Combined (Crop_Data + Crop_recommendation, 4400 rows)
[08:27:19] ============================================================
[08:27:19] Loaded 4400 rows, 7 features
[08:27:19] Crops: ['apple', 'banana', 'blackgram', 'chickpea', 'coconut', 'coffee', 'cotton', 'grapes', 'jute', 'kidneybeans', 'lentil', 'maize', 'mango', 'mothbeans', 'mungbean', 'muskmelon', 'orange', 'papaya', 'pigeonpeas', 'pomegranate', 'rice', 'watermelon']
[08:27:19] Class distribution:
label
chickpea       200
grapes         200
watermelon     200
pomegranate    200
lentil         200
rice           200
maize          200
mango          200
muskmelon      200
papaya         200
pigeonpeas     200
jute           200
mothbeans      200
orange         200
mungbean       200
blackgram      200
coconut        200
kidneybeans    200
apple          200
banana         200
coffee         200
cotton         200
[08:27:19] Train: 3520 samples | Val: 880 samples
[08:27:19] Classes: 22 | Input dim: 7
[08:27:19]   Resumed model weights from checkpoint (epoch 1)
[08:27:19]   Resuming from epoch 2, best_acc=0.9932 @ epoch 1
[08:27:20]   Resumed optimizer state
[08:27:20]   Resumed scheduler state
[08:27:20]
Starting training: epochs 2 -> 200 (patience=15)
[08:27:20]  Epoch | Train Loss | Train Acc | Val Loss | Val Acc |         LR | Status
[08:27:20] --------------------------------------------------------------------------------
[08:27:21]      2 |    0.06426 |   0.9778% |  0.02053 | 0.9920% |   2.50e-04 |
[08:27:21]      3 |    0.05702 |   0.9801% |  0.02054 | 0.9909% |   2.50e-04 |
[08:27:22]      4 |    0.05892 |   0.9778% |  0.02082 | 0.9909% |   2.50e-04 |
[08:27:22]      5 |    0.06074 |   0.9793% |  0.02062 | 0.9909% |   1.25e-04 |
[08:27:22]      6 |    0.05651 |   0.9784% |  0.02315 | 0.9898% |   1.25e-04 |
[08:27:23]      7 |    0.05755 |   0.9781% |  0.02022 | 0.9909% |   1.25e-04 |
[08:27:23]      8 |    0.07200 |   0.9761% |  0.02035 | 0.9909% |   1.25e-04 |
[08:27:24]      9 |    0.05524 |   0.9793% |  0.01950 | 0.9909% |   1.25e-04 |
[08:27:24]     10 |    0.06258 |   0.9798% |  0.02103 | 0.9909% |   1.25e-04 |
[08:27:25]     11 |    0.06454 |   0.9776% |  0.02009 | 0.9932% |   6.25e-05 |
[08:27:25]     12 |    0.06379 |   0.9759% |  0.01967 | 0.9920% |   6.25e-05 |
[08:27:26]     13 |    0.05836 |   0.9810% |  0.01938 | 0.9920% |   6.25e-05 | ⚠ patience 12/15
[08:27:26]     14 |    0.05628 |   0.9795% |  0.01953 | 0.9932% |   6.25e-05 | ⚠ patience 13/15
[08:27:26]     15 |    0.05756 |   0.9812% |  0.02027 | 0.9909% |   6.25e-05 | ⚠ patience 14/15
[08:27:27]     16 |    0.05805 |   0.9787% |  0.01980 | 0.9920% |   6.25e-05 | ⛔ EARLY STOP (no improvement for 15 epochs)
[08:27:27]
  Early stopping triggered at epoch 16
[08:27:27]
  Restored best model from epoch 1 (val_acc=0.9932)
[08:27:27]
Classification Report (Dataset 3):
              precision    recall  f1-score   support

       apple       1.00      1.00      1.00        40
      banana       1.00      1.00      1.00        40
   blackgram       1.00      1.00      1.00        40
    chickpea       1.00      1.00      1.00        40
     coconut       1.00      1.00      1.00        40
      coffee       1.00      1.00      1.00        40
      cotton       1.00      1.00      1.00        40
      grapes       1.00      1.00      1.00        40
        jute       0.93      0.93      0.93        40
 kidneybeans       0.98      1.00      0.99        40
      lentil       1.00      1.00      1.00        40
       maize       1.00      1.00      1.00        40
       mango       1.00      1.00      1.00        40
   mothbeans       1.00      1.00      1.00        40
    mungbean       1.00      1.00      1.00        40
   muskmelon       1.00      1.00      1.00        40
      orange       1.00      1.00      1.00        40
      papaya       1.00      1.00      1.00        40
  pigeonpeas       1.00      0.97      0.99        40
 pomegranate       1.00      1.00      1.00        40
        rice       0.93      0.93      0.93        40
  watermelon       1.00      1.00      1.00        40

    accuracy                           0.99       880
   macro avg       0.99      0.99      0.99       880
weighted avg       0.99      0.99      0.99       880

[08:27:27]   Checkpoint: C:\Users\J.KARTHIK REDDY\Desktop\crop-intelligence\backend\ml\checkpoints\crop_rec_ds3.pt
[08:27:27]   Report: C:\Users\J.KARTHIK REDDY\Desktop\crop-intelligence\backend\ml\logs\report_ds3.txt
[08:27:27]   History: C:\Users\J.KARTHIK REDDY\Desktop\crop-intelligence\backend\ml\logs\history_ds3.json
[08:27:27]
============================================================
[08:27:27] EXPORTING PRODUCTION MODEL
[08:27:27] ============================================================
[08:27:27] Production model saved to C:\Users\J.KARTHIK REDDY\Desktop\crop-intelligence\backend\ml\production
[08:27:27]
Training pipeline complete!
[08:27:49] Model exported to C:\Users\J.KARTHIK REDDY\Desktop\crop-intelligence\backend\ml\production
